  BoxCollider.cpp
  Enemy.cpp
C:\Users\aiste\source\repos\Assignment 3\Assignment 3\GameObject.h(2,10): fatal error C1083: Cannot open include file: 'SDL.h': No such file or directory
  GameObject.cpp
C:\Users\aiste\source\repos\Assignment 3\Assignment 3\GameObject.h(2,10): fatal error C1083: Cannot open include file: 'SDL.h': No such file or directory
  Input.cpp
C:\Users\aiste\source\repos\Assignment 3\Assignment 3\Input.h(2,10): fatal error C1083: Cannot open include file: 'SDL.h': No such file or directory
  Main.cpp
C:\Users\aiste\source\repos\Assignment 3\Assignment 3\Main.cpp(2,10): fatal error C1083: Cannot open include file: 'SDL.h': No such file or directory
  PlayButton.cpp
C:\Users\aiste\source\repos\Assignment 3\Assignment 3\GameObject.h(2,10): fatal error C1083: Cannot open include file: 'SDL.h': No such file or directory
  Player.cpp
C:\Users\aiste\source\repos\Assignment 3\Assignment 3\GameObject.h(2,10): fatal error C1083: Cannot open include file: 'SDL.h': No such file or directory
  Score.cpp
C:\Users\aiste\source\repos\Assignment 3\Assignment 3\GameObject.h(2,10): fatal error C1083: Cannot open include file: 'SDL.h': No such file or directory
  Screen.cpp
C:\Users\aiste\source\repos\Assignment 3\Assignment 3\Screen.h(3,10): fatal error C1083: Cannot open include file: 'SDL.h': No such file or directory
  Soul.cpp
C:\Users\aiste\source\repos\Assignment 3\Assignment 3\GameObject.h(2,10): fatal error C1083: Cannot open include file: 'SDL.h': No such file or directory
  Sprite.cpp
C:\Users\aiste\source\repos\Assignment 3\Assignment 3\Sprite.h(3,10): fatal error C1083: Cannot open include file: 'SDL.h': No such file or directory
  Text.cpp
C:\Users\aiste\source\repos\Assignment 3\Assignment 3\Text.h(3,10): fatal error C1083: Cannot open include file: 'SDL_ttf.h': No such file or directory
  Vector2D.cpp
